<?xml version="1.0" encoding="UTF-8"?>
<!-- Generated by org.testng.reporters.JUnitReportReporter -->
<testsuite hostname="CIPL1327QA" failures="0" tests="1" name="E2ETest.LoginTest" time="13.247" errors="0" timestamp="2023-08-11T10:35:16 IST" skipped="0">
  <testcase classname="E2ETest.LoginTest" name="verifyUserIsLoginWithValidPassword" time="13.247"/>
  <system-out/>
</testsuite> <!-- E2ETest.LoginTest -->
